<?xml version="1.0" encoding="UTF-8"?>
<testng-results ignored="0" total="1" passed="1" failed="0" skipped="0">
  <reporter-output>
  </reporter-output>
  <suite started-at="2021-12-25T22:48:29 IST" name="Mobile automation" finished-at="2021-12-25T22:48:32 IST" duration-ms="3338">
    <groups>
      <group name="cucumber">
        <method signature="AbstractTestNGCucumberTests.runScenario(io.cucumber.testng.PickleWrapper,io.cucumber.testng.FeatureWrapper)[pri:0, instance:tests.TestRunnerMobile@7e809b79]" name="runScenario" class="io.cucumber.testng.AbstractTestNGCucumberTests"/>
      </group> <!-- cucumber -->
    </groups>
    <test started-at="2021-12-25T22:48:29 IST" name="Test" finished-at="2021-12-25T22:48:32 IST" duration-ms="3338">
      <class name="tests.TestRunnerMobile">
        <test-method is-config="true" signature="setupTestBase(java.lang.String)[pri:0, instance:tests.TestRunnerMobile@7e809b79]" started-at="2021-12-25T22:48:14 IST" name="setupTestBase" finished-at="2021-12-25T22:48:29 IST" duration-ms="14229" status="PASS">
          <params>
            <param index="0">
              <value>
                <![CDATA[android]]>
              </value>
            </param>
          </params>
          <reporter-output>
          </reporter-output>
        </test-method> <!-- setupTestBase -->
        <test-method is-config="true" signature="setUpClass(org.testng.ITestContext)[pri:0, instance:tests.TestRunnerMobile@7e809b79]" started-at="2021-12-25T22:48:29 IST" name="setUpClass" finished-at="2021-12-25T22:48:29 IST" duration-ms="544" status="PASS">
          <params>
            <param index="0">
              <value>
                <![CDATA[org.testng.TestRunner@2180e789]]>
              </value>
            </param>
          </params>
          <reporter-output>
          </reporter-output>
        </test-method> <!-- setUpClass -->
        <test-method signature="runScenario(io.cucumber.testng.PickleWrapper,io.cucumber.testng.FeatureWrapper)[pri:0, instance:tests.TestRunnerMobile@7e809b79]" started-at="2021-12-25T22:48:29 IST" name="runScenario" description="Runs Cucumber Scenarios" data-provider="scenarios" finished-at="2021-12-25T22:48:31 IST" duration-ms="1648" status="PASS">
          <params>
            <param index="0">
              <value>
                <![CDATA["Scenario1"]]>
              </value>
            </param>
            <param index="1">
              <value>
                <![CDATA["Optional[Verify application features for selendroid app]"]]>
              </value>
            </param>
          </params>
          <reporter-output>
          </reporter-output>
        </test-method> <!-- runScenario -->
        <test-method is-config="true" signature="tearDownClass()[pri:0, instance:tests.TestRunnerMobile@7e809b79]" started-at="2021-12-25T22:48:31 IST" name="tearDownClass" finished-at="2021-12-25T22:48:32 IST" duration-ms="1088" status="PASS">
          <reporter-output>
          </reporter-output>
        </test-method> <!-- tearDownClass -->
        <test-method is-config="true" signature="tearDownTestBase()[pri:0, instance:tests.TestRunnerMobile@7e809b79]" started-at="2021-12-25T22:48:32 IST" name="tearDownTestBase" finished-at="2021-12-25T22:48:33 IST" duration-ms="1182" status="PASS">
          <reporter-output>
          </reporter-output>
        </test-method> <!-- tearDownTestBase -->
      </class> <!-- tests.TestRunnerMobile -->
    </test> <!-- Test -->
  </suite> <!-- Mobile automation -->
</testng-results>
