<?xml version="1.0" encoding="UTF-8"?>
<!-- Generated by org.testng.reporters.JUnitReportReporter -->
<testsuite hostname="DESKTOP-QFGAKL3" failures="0" tests="1" name="tests.TestRunnerWeb" time="0.097" errors="1" timestamp="2021-12-25T16:26:43 IST" skipped="0">
  <testcase classname="tests.TestRunnerWeb" name="runScenario" time="0.097">
    <error type="java.lang.NullPointerException">
      <![CDATA[java.lang.NullPointerException
at tests.SelendroidTest.user_has_launched_the_app(SelendroidTest.java:24)
at ✽.User has launched the app(file:///C:/eclipse-workspace3/FrameworkDemo/src/test/java/mobileFeature/Selendroid.feature:4)
]]>
    </error>
  </testcase> <!-- runScenario -->
  <system-out/>
</testsuite> <!-- tests.TestRunnerWeb -->
